[debug] [2018-09-23T22:01:41.368Z] ----------------------------------------------------------------------
[debug] [2018-09-23T22:01:41.370Z] Command:       C:\Program Files\nodejs\node.exe C:\Users\jeremy\AppData\Roaming\npm\node_modules\firebase-tools\bin\firebase serve --only functions,hosting
[debug] [2018-09-23T22:01:41.370Z] CLI Version:   4.2.1
[debug] [2018-09-23T22:01:41.370Z] Platform:      win32
[debug] [2018-09-23T22:01:41.370Z] Node Version:  v8.11.2
[debug] [2018-09-23T22:01:41.371Z] Time:          Sun Sep 23 2018 15:01:41 GMT-0700 (Pacific Daylight Time)
[debug] [2018-09-23T22:01:41.371Z] ----------------------------------------------------------------------
[debug] 
[debug] [2018-09-23T22:01:41.379Z] > command requires scopes: ["email","openid","https://www.googleapis.com/auth/cloudplatformprojects.readonly","https://www.googleapis.com/auth/firebase","https://www.googleapis.com/auth/cloud-platform"]
[debug] [2018-09-23T22:01:41.380Z] > authorizing via signed-in user
[debug] [2018-09-23T22:01:41.383Z] >>> HTTP REQUEST GET https://admin.firebase.com/v1/projects/app-template-react  
 
[debug] [2018-09-23T22:01:41.855Z] <<< HTTP RESPONSE 200
[debug] [2018-09-23T22:01:41.858Z] >>> HTTP REQUEST GET https://cloudresourcemanager.googleapis.com/v1/projects/app-template-react  
 
[debug] [2018-09-23T22:01:42.381Z] <<< HTTP RESPONSE 200
[info] 
[info] === Serving from 'C:\Dev\Personal Projects\app-template-react'...
[info] 
[info] i  functions: Preparing to emulate functions.
[debug] [2018-09-23T22:01:43.354Z] Fetching environment
[debug] [2018-09-23T22:01:43.356Z] >>> HTTP REQUEST GET https://mobilesdk-pa.googleapis.com/v1/projects/219115772263:getServerAppConfig  
 
[debug] [2018-09-23T22:01:43.357Z] >>> HTTP REQUEST GET https://mobilesdk-pa.googleapis.com/v1/projects/219115772263/clients/_:getWebAppConfig  
 
[debug] [2018-09-23T22:01:43.528Z] <<< HTTP RESPONSE 200
[debug] [2018-09-23T22:01:43.528Z] Starting @google-cloud/functions-emulator
[debug] [2018-09-23T22:01:43.587Z] <<< HTTP RESPONSE 200
[info] i  hosting[app-template-react]: Serving hosting files from: build
[info] +  hosting[app-template-react]: Local server: http://localhost:5000
[debug] [2018-09-23T22:01:45.704Z] Parsing function triggers
[info] +  functions: api: http://localhost:5001/app-template-react/us-central1/api
